This is XeTeX, Version 3.14159265-2.6-0.99999 (TeX Live 2018/W32TeX) (preloaded format=xelatex 2018.10.6)  21 DEC 2018 15:48
entering extended mode
 restricted \write18 enabled.
 %&-line parsing enabled.
**sketch.tex
(./sketch.tex
LaTeX2e <2018-04-01> patch level 2
Babel <3.18> and hyphenation patterns for 84 language(s) loaded.
! Undefined control sequence.
l.1 \section
            {MIMO}
The control sequence at the end of the top line
of your error message was never \def'ed. If you have
misspelled it (e.g., `\hobx'), type `I' and the correct
spelling (e.g., `I\hbox'). Otherwise just continue,
and I'll forget about whatever was undefined.


! LaTeX Error: Missing \begin{document}.

See the LaTeX manual or LaTeX Companion for explanation.
Type  H <return>  for immediate help.
 ...                                              
                                                  
l.1 \section{M
              IMO}
You're in trouble here.  Try typing  <return>  to proceed.
If that doesn't work, type  X <return>  to quit.

Missing character: There is no M in font nullfont!
Missing character: There is no I in font nullfont!
Missing character: There is no M in font nullfont!
Missing character: There is no O in font nullfont!
! Undefined control sequence.
l.2 \subsection
               {MIMO概述}
The control sequence at the end of the top line
of your error message was never \def'ed. If you have
misspelled it (e.g., `\hobx'), type `I' and the correct
spelling (e.g., `I\hbox'). Otherwise just continue,
and I'll forget about whatever was undefined.

Missing character: There is no M in font nullfont!
Missing character: There is no I in font nullfont!
Missing character: There is no M in font nullfont!
Missing character: There is no O in font nullfont!
Missing character: There is no 概 in font nullfont!
Missing character: There is no 述 in font nullfont!
Missing character: There is no 多 in font nullfont!
Missing character: There is no 输 in font nullfont!
Missing character: There is no 入 in font nullfont!
Missing character: There is no 多 in font nullfont!
Missing character: There is no 输 in font nullfont!
Missing character: There is no 出 in font nullfont!
Missing character: There is no M in font nullfont!
Missing character: There is no I in font nullfont!
Missing character: There is no M in font nullfont!
Missing character: There is no O in font nullfont!
Missing character: There is no ( in font nullfont!
Missing character: There is no M in font nullfont!
Missing character: There is no u in font nullfont!
Missing character: There is no l in font nullfont!
Missing character: There is no t in font nullfont!
Missing character: There is no i in font nullfont!
Missing character: There is no p in font nullfont!
Missing character: There is no l in font nullfont!
Missing character: There is no e in font nullfont!
Missing character: There is no - in font nullfont!
Missing character: There is no I in font nullfont!
Missing character: There is no n in font nullfont!
Missing character: There is no p in font nullfont!
Missing character: There is no u in font nullfont!
Missing character: There is no t in font nullfont!
Missing character: There is no M in font nullfont!
Missing character: There is no u in font nullfont!
Missing character: There is no l in font nullfont!
Missing character: There is no t in font nullfont!
Missing character: There is no i in font nullfont!
Missing character: There is no p in font nullfont!
Missing character: There is no l in font nullfont!
Missing character: There is no e in font nullfont!
Missing character: There is no - in font nullfont!
Missing character: There is no O in font nullfont!
Missing character: There is no u in font nullfont!
Missing character: There is no t in font nullfont!
Missing character: There is no p in font nullfont!
Missing character: There is no u in font nullfont!
Missing character: There is no t in font nullfont!
Missing character: There is no ) in font nullfont!
Missing character: There is no ， in font nullfont!
Missing character: There is no 指 in font nullfont!
Missing character: There is no 在 in font nullfont!
Missing character: There is no 发 in font nullfont!
Missing character: There is no 射 in font nullfont!
Missing character: There is no 端 in font nullfont!
Missing character: There is no 和 in font nullfont!
Missing character: There is no 接 in font nullfont!
Missing character: There is no 收 in font nullfont!
Missing character: There is no 端 in font nullfont!
Missing character: There is no 分 in font nullfont!
Missing character: There is no 别 in font nullfont!
Missing character: There is no 使 in font nullfont!
Missing character: There is no 用 in font nullfont!
Missing character: There is no 多 in font nullfont!
Missing character: There is no 个 in font nullfont!
Missing character: There is no 天 in font nullfont!
Missing character: There is no 线 in font nullfont!
Missing character: There is no 传 in font nullfont!
Missing character: There is no 送 in font nullfont!
Missing character: There is no 和 in font nullfont!
Missing character: There is no 接 in font nullfont!
Missing character: There is no 收 in font nullfont!
Missing character: There is no 信 in font nullfont!
Missing character: There is no 号 in font nullfont!
Missing character: There is no ， in font nullfont!
Missing character: There is no 从 in font nullfont!
Missing character: There is no 而 in font nullfont!
Missing character: There is no 改 in font nullfont!
Missing character: There is no 善 in font nullfont!
Missing character: There is no 通 in font nullfont!
Missing character: There is no 信 in font nullfont!
Missing character: There is no 质 in font nullfont!
Missing character: There is no 量 in font nullfont!
Missing character: There is no 。 in font nullfont!
Missing character: There is no 通 in font nullfont!
Missing character: There is no 过 in font nullfont!
Missing character: There is no 多 in font nullfont!
Missing character: There is no 个 in font nullfont!
Missing character: There is no 天 in font nullfont!
Missing character: There is no 线 in font nullfont!
Missing character: There is no 实 in font nullfont!
Missing character: There is no 现 in font nullfont!
Missing character: There is no 多 in font nullfont!
Missing character: There is no 发 in font nullfont!
Missing character: There is no 多 in font nullfont!
Missing character: There is no 收 in font nullfont!
Missing character: There is no ， in font nullfont!
Missing character: There is no 在 in font nullfont!
Missing character: There is no 频 in font nullfont!
Missing character: There is no 谱 in font nullfont!
Missing character: There is no 资 in font nullfont!
Missing character: There is no 源 in font nullfont!
Missing character: There is no 和 in font nullfont!
Missing character: There is no 天 in font nullfont!
Missing character: There is no 线 in font nullfont!
Missing character: There is no 发 in font nullfont!
Missing character: There is no 射 in font nullfont!
Missing character: There is no 功 in font nullfont!
Missing character: There is no 率 in font nullfont!
Missing character: There is no 不 in font nullfont!
Missing character: There is no 变 in font nullfont!
Missing character: There is no 的 in font nullfont!
Missing character: There is no 情 in font nullfont!
Missing character: There is no 况 in font nullfont!
Missing character: There is no 下 in font nullfont!
Missing character: There is no ， in font nullfont!
Missing character: There is no 充 in font nullfont!
Missing character: There is no 分 in font nullfont!
Missing character: There is no 利 in font nullfont!
Missing character: There is no 用 in font nullfont!
Missing character: There is no 空 in font nullfont!
Missing character: There is no 间 in font nullfont!
Missing character: There is no 资 in font nullfont!
Missing character: There is no 源 in font nullfont!
Missing character: There is no ， in font nullfont!
Missing character: There is no 成 in font nullfont!
Missing character: There is no 倍 in font nullfont!
Missing character: There is no 地 in font nullfont!
Missing character: There is no 提 in font nullfont!
Missing character: There is no 高 in font nullfont!
Missing character: There is no 系 in font nullfont!
Missing character: There is no 统 in font nullfont!
Missing character: There is no 信 in font nullfont!
Missing character: There is no 道 in font nullfont!
Missing character: There is no 容 in font nullfont!
Missing character: There is no 量 in font nullfont!
Missing character: There is no ， in font nullfont!
Missing character: There is no 增 in font nullfont!
Missing character: There is no 加 in font nullfont!
Missing character: There is no 了 in font nullfont!
Missing character: There is no 频 in font nullfont!
Missing character: There is no 谱 in font nullfont!
Missing character: There is no 利 in font nullfont!
Missing character: There is no 用 in font nullfont!
Missing character: There is no 率 in font nullfont!
Missing character: There is no 。 in font nullfont!
Missing character: There is no 根 in font nullfont!
Missing character: There is no 据 in font nullfont!
Missing character: There is no 网 in font nullfont!
Missing character: There is no 上 in font nullfont!
Missing character: There is no 查 in font nullfont!
Missing character: There is no 阅 in font nullfont!
Missing character: There is no 到 in font nullfont!
Missing character: There is no 的 in font nullfont!
Missing character: There is no 资 in font nullfont!
Missing character: There is no 料 in font nullfont!
Missing character: There is no ， in font nullfont!
Missing character: There is no M in font nullfont!
Missing character: There is no I in font nullfont!
Missing character: There is no M in font nullfont!
Missing character: There is no O in font nullfont!
Missing character: There is no 已 in font nullfont!
Missing character: There is no 被 in font nullfont!
Missing character: There is no 用 in font nullfont!
Missing character: There is no 于 in font nullfont!
Missing character: There is no 8 in font nullfont!
Missing character: There is no 0 in font nullfont!
Missing character: There is no 2 in font nullfont!
Missing character: There is no . in font nullfont!
Missing character: There is no 1 in font nullfont!
Missing character: There is no 1 in font nullfont!
Missing character: There is no n in font nullfont!
Missing character: There is no 标 in font nullfont!
Missing character: There is no 准 in font nullfont!
Missing character: There is no ， in font nullfont!
Missing character: There is no 并 in font nullfont!
Missing character: There is no 且 in font nullfont!
Missing character: There is no 被 in font nullfont!
Missing character: There is no 用 in font nullfont!
Missing character: There is no 于 in font nullfont!
Missing character: There is no 改 in font nullfont!
Missing character: There is no 进 in font nullfont!
Missing character: There is no 8 in font nullfont!
Missing character: There is no 0 in font nullfont!
Missing character: There is no 2 in font nullfont!
Missing character: There is no . in font nullfont!
Missing character: There is no 1 in font nullfont!
Missing character: There is no 1 in font nullfont!
Missing character: There is no a in font nullfont!
Missing character: There is no / in font nullfont!
Missing character: There is no b in font nullfont!
Missing character: There is no / in font nullfont!
Missing character: There is no g in font nullfont!
Missing character: There is no 网 in font nullfont!
Missing character: There is no 络 in font nullfont!
Missing character: There is no 的 in font nullfont!
Missing character: There is no 性 in font nullfont!
Missing character: There is no 能 in font nullfont!
Missing character: There is no 。 in font nullfont!

Overfull \hbox (20.0pt too wide) in paragraph at lines 1--3
[]
 []


! LaTeX Error: Missing \begin{document}.

See the LaTeX manual or LaTeX Companion for explanation.
Type  H <return>  for immediate help.
 ...                                              
                                                  
l.4 一
     个典型性的MIMO系统如图\ref{MIMO}所示。发射端通过空间——时间映射（空时映射）将数据信号映射到多根天线上，接收端将各根天线接收到的...

You're in trouble here.  Try typing  <return>  to proceed.
If that doesn't work, type  X <return>  to quit.

Missing character: There is no 一 in font nullfont!
Missing character: There is no 个 in font nullfont!
Missing character: There is no 典 in font nullfont!
Missing character: There is no 型 in font nullfont!
Missing character: There is no 性 in font nullfont!
Missing character: There is no 的 in font nullfont!
Missing character: There is no M in font nullfont!
Missing character: There is no I in font nullfont!
Missing character: There is no M in font nullfont!
Missing character: There is no O in font nullfont!
Missing character: There is no 系 in font nullfont!
Missing character: There is no 统 in font nullfont!
Missing character: There is no 如 in font nullfont!
Missing character: There is no 图 in font nullfont!
! Undefined control sequence.
<write> ...ing: Reference `MIMO' on page \thepage 
                                                  \space undefined\on@line .^^J
l.4 一个典型性的MIMO系统如图\ref{MIMO}
                            所示。发射端通过空间——时间映射（空时映射）将数据信号映射到多根天线上，接收端将各根天线接收到的...
The control sequence at the end of the top line
of your error message was never \def'ed. If you have
misspelled it (e.g., `\hobx'), type `I' and the correct
spelling (e.g., `I\hbox'). Otherwise just continue,
and I'll forget about whatever was undefined.


LaTeX Warning: Reference `MIMO' on page  undefined on input line 4.

Missing character: There is no 所 in font nullfont!
Missing character: There is no 示 in font nullfont!
Missing character: There is no 。 in font nullfont!
Missing character: There is no 发 in font nullfont!
Missing character: There is no 射 in font nullfont!
Missing character: There is no 端 in font nullfont!
Missing character: There is no 通 in font nullfont!
Missing character: There is no 过 in font nullfont!
Missing character: There is no 空 in font nullfont!
Missing character: There is no 间 in font nullfont!
Missing character: There is no — in font nullfont!
Missing character: There is no — in font nullfont!
Missing character: There is no 时 in font nullfont!
Missing character: There is no 间 in font nullfont!
Missing character: There is no 映 in font nullfont!
Missing character: There is no 射 in font nullfont!
Missing character: There is no （ in font nullfont!
Missing character: There is no 空 in font nullfont!
Missing character: There is no 时 in font nullfont!
Missing character: There is no 映 in font nullfont!
Missing character: There is no 射 in font nullfont!
Missing character: There is no ） in font nullfont!
Missing character: There is no 将 in font nullfont!
Missing character: There is no 数 in font nullfont!
Missing character: There is no 据 in font nullfont!
Missing character: There is no 信 in font nullfont!
Missing character: There is no 号 in font nullfont!
Missing character: There is no 映 in font nullfont!
Missing character: There is no 射 in font nullfont!
Missing character: There is no 到 in font nullfont!
Missing character: There is no 多 in font nullfont!
Missing character: There is no 根 in font nullfont!
Missing character: There is no 天 in font nullfont!
Missing character: There is no 线 in font nullfont!
Missing character: There is no 上 in font nullfont!
Missing character: There is no ， in font nullfont!
Missing character: There is no 接 in font nullfont!
Missing character: There is no 收 in font nullfont!
Missing character: There is no 端 in font nullfont!
Missing character: There is no 将 in font nullfont!
Missing character: There is no 各 in font nullfont!
Missing character: There is no 根 in font nullfont!
Missing character: There is no 天 in font nullfont!
Missing character: There is no 线 in font nullfont!
Missing character: There is no 接 in font nullfont!
Missing character: There is no 收 in font nullfont!
Missing character: There is no 到 in font nullfont!
Missing character: There is no 的 in font nullfont!
Missing character: There is no 信 in font nullfont!
Missing character: There is no 号 in font nullfont!
Missing character: There is no 进 in font nullfont!
Missing character: There is no 行 in font nullfont!
Missing character: There is no 空 in font nullfont!
Missing character: There is no 时 in font nullfont!
Missing character: There is no 译 in font nullfont!
Missing character: There is no 码 in font nullfont!
Missing character: There is no ， in font nullfont!
Missing character: There is no 恢 in font nullfont!
Missing character: There is no 复 in font nullfont!
Missing character: There is no 出 in font nullfont!
Missing character: There is no 发 in font nullfont!
Missing character: There is no 射 in font nullfont!
Missing character: There is no 端 in font nullfont!
Missing character: There is no 发 in font nullfont!
Missing character: There is no 送 in font nullfont!
Missing character: There is no 的 in font nullfont!
Missing character: There is no 数 in font nullfont!
Missing character: There is no 据 in font nullfont!
Missing character: There is no 信 in font nullfont!
Missing character: There is no 号 in font nullfont!
Missing character: There is no 。 in font nullfont!

! LaTeX Error: Environment figure undefined.

See the LaTeX manual or LaTeX Companion for explanation.
Type  H <return>  for immediate help.
 ...                                              
                                                  
l.5 \begin{figure}
                  [H]
Your command was ignored.
Type  I <command> <return>  to replace it with another command,
or  <return>  to continue without it.

Missing character: There is no [ in font nullfont!
Missing character: There is no H in font nullfont!
Missing character: There is no ] in font nullfont!
! Undefined control sequence.
l.7 ^^I\includegraphics
                       [scale=2]{MIMOfig1}
The control sequence at the end of the top line
of your error message was never \def'ed. If you have
misspelled it (e.g., `\hobx'), type `I' and the correct
spelling (e.g., `I\hbox'). Otherwise just continue,
and I'll forget about whatever was undefined.

Missing character: There is no [ in font nullfont!
Missing character: There is no s in font nullfont!
Missing character: There is no c in font nullfont!
Missing character: There is no a in font nullfont!
Missing character: There is no l in font nullfont!
Missing character: There is no e in font nullfont!
Missing character: There is no = in font nullfont!
Missing character: There is no 2 in font nullfont!
Missing character: There is no ] in font nullfont!
Missing character: There is no M in font nullfont!
Missing character: There is no I in font nullfont!
Missing character: There is no M in font nullfont!
Missing character: There is no O in font nullfont!
Missing character: There is no f in font nullfont!
Missing character: There is no i in font nullfont!
Missing character: There is no g in font nullfont!
Missing character: There is no 1 in font nullfont!

! LaTeX Error: \caption outside float.

See the LaTeX manual or LaTeX Companion for explanation.
Type  H <return>  for immediate help.
 ...                                              
                                                  
l.8 ^^I\caption
               {MIMO系统结构图.}
You're in trouble here.  Try typing  <return>  to proceed.
If that doesn't work, type  X <return>  to quit.

Missing character: There is no M in font nullfont!
Missing character: There is no I in font nullfont!
Missing character: There is no M in font nullfont!
Missing character: There is no O in font nullfont!
Missing character: There is no 系 in font nullfont!
Missing character: There is no 统 in font nullfont!
Missing character: There is no 结 in font nullfont!
Missing character: There is no 构 in font nullfont!
Missing character: There is no 图 in font nullfont!
Missing character: There is no . in font nullfont!

! LaTeX Error: \begin{document} ended by \end{figure}.

See the LaTeX manual or LaTeX Companion for explanation.
Type  H <return>  for immediate help.
 ...                                              
                                                  
l.10 \end{figure}
                 
Your command was ignored.
Type  I <command> <return>  to replace it with another command,
or  <return>  to continue without it.


Overfull \hbox (30.86pt too wide) in paragraph at lines 4--11
[][]
 []


! LaTeX Error: Missing \begin{document}.

See the LaTeX manual or LaTeX Companion for explanation.
Type  H <return>  for immediate help.
 ...                                              
                                                  
l.12 无
      线电发送的信号被反射时，会产生多份信号，每份信号都是一个空间流。单输入单输出（SISO）系统一次只能发送或接收一个空间流。相比于SISO，M...

You're in trouble here.  Try typing  <return>  to proceed.
If that doesn't work, type  X <return>  to quit.

Missing character: There is no 无 in font nullfont!
Missing character: There is no 线 in font nullfont!
Missing character: There is no 电 in font nullfont!
Missing character: There is no 发 in font nullfont!
Missing character: There is no 送 in font nullfont!
Missing character: There is no 的 in font nullfont!
Missing character: There is no 信 in font nullfont!
Missing character: There is no 号 in font nullfont!
Missing character: There is no 被 in font nullfont!
Missing character: There is no 反 in font nullfont!
Missing character: There is no 射 in font nullfont!
Missing character: There is no 时 in font nullfont!
Missing character: There is no ， in font nullfont!
Missing character: There is no 会 in font nullfont!
Missing character: There is no 产 in font nullfont!
Missing character: There is no 生 in font nullfont!
Missing character: There is no 多 in font nullfont!
Missing character: There is no 份 in font nullfont!
Missing character: There is no 信 in font nullfont!
Missing character: There is no 号 in font nullfont!
Missing character: There is no ， in font nullfont!
Missing character: There is no 每 in font nullfont!
Missing character: There is no 份 in font nullfont!
Missing character: There is no 信 in font nullfont!
Missing character: There is no 号 in font nullfont!
Missing character: There is no 都 in font nullfont!
Missing character: There is no 是 in font nullfont!
Missing character: There is no 一 in font nullfont!
Missing character: There is no 个 in font nullfont!
Missing character: There is no 空 in font nullfont!
Missing character: There is no 间 in font nullfont!
Missing character: There is no 流 in font nullfont!
Missing character: There is no 。 in font nullfont!
Missing character: There is no 单 in font nullfont!
Missing character: There is no 输 in font nullfont!
Missing character: There is no 入 in font nullfont!
Missing character: There is no 单 in font nullfont!
Missing character: There is no 输 in font nullfont!
Missing character: There is no 出 in font nullfont!
Missing character: There is no （ in font nullfont!
Missing character: There is no S in font nullfont!
Missing character: There is no I in font nullfont!
Missing character: There is no S in font nullfont!
Missing character: There is no O in font nullfont!
Missing character: There is no ） in font nullfont!
Missing character: There is no 系 in font nullfont!
Missing character: There is no 统 in font nullfont!
Missing character: There is no 一 in font nullfont!
Missing character: There is no 次 in font nullfont!
Missing character: There is no 只 in font nullfont!
Missing character: There is no 能 in font nullfont!
Missing character: There is no 发 in font nullfont!
Missing character: There is no 送 in font nullfont!
Missing character: There is no 或 in font nullfont!
Missing character: There is no 接 in font nullfont!
Missing character: There is no 收 in font nullfont!
Missing character: There is no 一 in font nullfont!
Missing character: There is no 个 in font nullfont!
Missing character: There is no 空 in font nullfont!
Missing character: There is no 间 in font nullfont!
Missing character: There is no 流 in font nullfont!
Missing character: There is no 。 in font nullfont!
Missing character: There is no 相 in font nullfont!
Missing character: There is no 比 in font nullfont!
Missing character: There is no 于 in font nullfont!
Missing character: There is no S in font nullfont!
Missing character: There is no I in font nullfont!
Missing character: There is no S in font nullfont!
Missing character: There is no O in font nullfont!
Missing character: There is no ， in font nullfont!
Missing character: There is no M in font nullfont!
Missing character: There is no I in font nullfont!
Missing character: There is no M in font nullfont!
Missing character: There is no O in font nullfont!
Missing character: There is no 主 in font nullfont!
Missing character: There is no 要 in font nullfont!
Missing character: There is no 有 in font nullfont!
Missing character: There is no 以 in font nullfont!
Missing character: There is no 下 in font nullfont!
Missing character: There is no 两 in font nullfont!
Missing character: There is no 大 in font nullfont!
Missing character: There is no 优 in font nullfont!
Missing character: There is no 点 in font nullfont!
Missing character: There is no ： in font nullfont!
Missing character: There is no 提 in font nullfont!
Missing character: There is no 高 in font nullfont!
Missing character: There is no 了 in font nullfont!
Missing character: There is no 信 in font nullfont!
Missing character: There is no 道 in font nullfont!
Missing character: There is no 容 in font nullfont!
Missing character: There is no 量 in font nullfont!
Missing character: There is no 。 in font nullfont!
Missing character: There is no 这 in font nullfont!
Missing character: There is no 是 in font nullfont!
Missing character: There is no 因 in font nullfont!
Missing character: There is no 为 in font nullfont!
Missing character: There is no M in font nullfont!
Missing character: There is no I in font nullfont!
Missing character: There is no M in font nullfont!
Missing character: There is no O in font nullfont!
Missing character: There is no 允 in font nullfont!
Missing character: There is no 许 in font nullfont!
Missing character: There is no 多 in font nullfont!
Missing character: There is no 个 in font nullfont!
Missing character: There is no 天 in font nullfont!
Missing character: There is no 线 in font nullfont!
Missing character: There is no 同 in font nullfont!
Missing character: There is no 时 in font nullfont!
Missing character: There is no 发 in font nullfont!
Missing character: There is no 送 in font nullfont!
Missing character: There is no 和 in font nullfont!
Missing character: There is no 接 in font nullfont!
Missing character: There is no 收 in font nullfont!
Missing character: There is no 多 in font nullfont!
Missing character: There is no 个 in font nullfont!
Missing character: There is no 空 in font nullfont!
Missing character: There is no 间 in font nullfont!
Missing character: There is no 流 in font nullfont!
Missing character: There is no ， in font nullfont!
Missing character: There is no 极 in font nullfont!
Missing character: There is no 大 in font nullfont!
Missing character: There is no 地 in font nullfont!
Missing character: There is no 提 in font nullfont!
Missing character: There is no 高 in font nullfont!
Missing character: There is no 了 in font nullfont!
Missing character: There is no 信 in font nullfont!
Missing character: There is no 号 in font nullfont!
Missing character: There is no 传 in font nullfont!
Missing character: There is no 输 in font nullfont!
Missing character: There is no 的 in font nullfont!
Missing character: There is no 效 in font nullfont!
Missing character: There is no 率 in font nullfont!
Missing character: There is no 。 in font nullfont!
Missing character: There is no M in font nullfont!
Missing character: There is no I in font nullfont!
Missing character: There is no M in font nullfont!
Missing character: There is no O in font nullfont!
Missing character: There is no 技 in font nullfont!
Missing character: There is no 术 in font nullfont!
Missing character: There is no 的 in font nullfont!
Missing character: There is no 应 in font nullfont!
Missing character: There is no 用 in font nullfont!
Missing character: There is no ， in font nullfont!
Missing character: There is no 使 in font nullfont!
Missing character: There is no 空 in font nullfont!
Missing character: There is no 间 in font nullfont!
Missing character: There is no 成 in font nullfont!
Missing character: There is no 为 in font nullfont!
Missing character: There is no 一 in font nullfont!
Missing character: There is no 种 in font nullfont!
Missing character: There is no 可 in font nullfont!
Missing character: There is no 以 in font nullfont!
Missing character: There is no 用 in font nullfont!
Missing character: There is no 于 in font nullfont!
Missing character: There is no 提 in font nullfont!
Missing character: There is no 高 in font nullfont!
Missing character: There is no 性 in font nullfont!
Missing character: There is no 能 in font nullfont!
Missing character: There is no 的 in font nullfont!
Missing character: There is no 资 in font nullfont!
Missing character: There is no 源 in font nullfont!
Missing character: There is no ， in font nullfont!
Missing character: There is no 并 in font nullfont!
Missing character: There is no 能 in font nullfont!
Missing character: There is no 够 in font nullfont!
Missing character: There is no 增 in font nullfont!
Missing character: There is no 加 in font nullfont!
Missing character: There is no 无 in font nullfont!
Missing character: There is no 线 in font nullfont!
Missing character: There is no 系 in font nullfont!
Missing character: There is no 统 in font nullfont!
Missing character: There is no 的 in font nullfont!
Missing character: There is no 覆 in font nullfont!
Missing character: There is no 盖 in font nullfont!
Missing character: There is no 范 in font nullfont!
Missing character: There is no 围 in font nullfont!
Missing character: There is no 。 in font nullfont!
Missing character: There is no 提 in font nullfont!
Missing character: There is no 高 in font nullfont!
Missing character: There is no 了 in font nullfont!
Missing character: There is no 信 in font nullfont!
Missing character: There is no 道 in font nullfont!
Missing character: There is no 的 in font nullfont!
Missing character: There is no 可 in font nullfont!
Missing character: There is no 靠 in font nullfont!
Missing character: There is no 性 in font nullfont!
Missing character: There is no 。 in font nullfont!
Missing character: There is no 利 in font nullfont!
Missing character: There is no 用 in font nullfont!
Missing character: There is no M in font nullfont!
Missing character: There is no I in font nullfont!
Missing character: There is no M in font nullfont!
Missing character: There is no O in font nullfont!
Missing character: There is no 信 in font nullfont!
Missing character: There is no 道 in font nullfont!
Missing character: There is no 提 in font nullfont!
Missing character: There is no 供 in font nullfont!
Missing character: There is no 的 in font nullfont!
Missing character: There is no 空 in font nullfont!
Missing character: There is no 间 in font nullfont!
Missing character: There is no 复 in font nullfont!
Missing character: There is no 用 in font nullfont!
Missing character: There is no 增 in font nullfont!
Missing character: There is no 益 in font nullfont!
Missing character: There is no 及 in font nullfont!
Missing character: There is no 空 in font nullfont!
Missing character: There is no 间 in font nullfont!
Missing character: There is no 分 in font nullfont!
Missing character: There is no 集 in font nullfont!
Missing character: There is no 增 in font nullfont!
Missing character: There is no 益 in font nullfont!
Missing character: There is no ， in font nullfont!
Missing character: There is no 可 in font nullfont!
Missing character: There is no 以 in font nullfont!
Missing character: There is no 利 in font nullfont!
Missing character: There is no 用 in font nullfont!
Missing character: There is no 多 in font nullfont!
Missing character: There is no 天 in font nullfont!
Missing character: There is no 线 in font nullfont!
Missing character: There is no 来 in font nullfont!
Missing character: There is no 抑 in font nullfont!
Missing character: There is no 制 in font nullfont!
Missing character: There is no 信 in font nullfont!
Missing character: There is no 道 in font nullfont!
Missing character: There is no 衰 in font nullfont!
Missing character: There is no 落 in font nullfont!
Missing character: There is no 。 in font nullfont!
Missing character: There is no 多 in font nullfont!
Missing character: There is no 天 in font nullfont!
Missing character: There is no 线 in font nullfont!
Missing character: There is no 系 in font nullfont!
Missing character: There is no 统 in font nullfont!
Missing character: There is no 的 in font nullfont!
Missing character: There is no 应 in font nullfont!
Missing character: There is no 用 in font nullfont!
Missing character: There is no ， in font nullfont!
Missing character: There is no 使 in font nullfont!
Missing character: There is no 得 in font nullfont!
Missing character: There is no 并 in font nullfont!
Missing character: There is no 行 in font nullfont!
Missing character: There is no 数 in font nullfont!
Missing character: There is no 据 in font nullfont!
Missing character: There is no 流 in font nullfont!
Missing character: There is no 可 in font nullfont!
Missing character: There is no 以 in font nullfont!
Missing character: There is no 同 in font nullfont!
Missing character: There is no 时 in font nullfont!
Missing character: There is no 传 in font nullfont!
Missing character: There is no 送 in font nullfont!
Missing character: There is no ， in font nullfont!
Missing character: There is no 可 in font nullfont!
Missing character: There is no 以 in font nullfont!
Missing character: There is no 显 in font nullfont!
Missing character: There is no 著 in font nullfont!
Missing character: There is no 克 in font nullfont!
Missing character: There is no 服 in font nullfont!
Missing character: There is no 信 in font nullfont!
Missing character: There is no 道 in font nullfont!
Missing character: There is no 的 in font nullfont!
Missing character: There is no 衰 in font nullfont!
Missing character: There is no 落 in font nullfont!
Missing character: There is no ， in font nullfont!
Missing character: There is no 降 in font nullfont!
Missing character: There is no 低 in font nullfont!
Missing character: There is no 误 in font nullfont!
Missing character: There is no 码 in font nullfont!
Missing character: There is no 率 in font nullfont!
Missing character: There is no 。 in font nullfont!

Overfull \hbox (20.0pt too wide) in paragraph at lines 12--14
[] 
 []


Overfull \hbox (5.75pt too wide) in paragraph at lines 12--14
\TU/lmr/bx/n/10 1 
 []


Overfull \hbox (5.75pt too wide) in paragraph at lines 12--14
\TU/lmr/bx/n/10 2 
 []


! LaTeX Error: Missing \begin{document}.

See the LaTeX manual or LaTeX Companion for explanation.
Type  H <return>  for immediate help.
 ...                                              
                                                  
l.15 （
      以上资料部分来自相关教材和互联网）
You're in trouble here.  Try typing  <return>  to proceed.
If that doesn't work, type  X <return>  to quit.

Missing character: There is no （ in font nullfont!
Missing character: There is no 以 in font nullfont!
Missing character: There is no 上 in font nullfont!
Missing character: There is no 资 in font nullfont!
Missing character: There is no 料 in font nullfont!
Missing character: There is no 部 in font nullfont!
Missing character: There is no 分 in font nullfont!
Missing character: There is no 来 in font nullfont!
Missing character: There is no 自 in font nullfont!
Missing character: There is no 相 in font nullfont!
Missing character: There is no 关 in font nullfont!
Missing character: There is no 教 in font nullfont!
Missing character: There is no 材 in font nullfont!
Missing character: There is no 和 in font nullfont!
Missing character: There is no 互 in font nullfont!
Missing character: There is no 联 in font nullfont!
Missing character: There is no 网 in font nullfont!
Missing character: There is no ） in font nullfont!

Overfull \hbox (20.0pt too wide) in paragraph at lines 15--16
[] 
 []

! Undefined control sequence.
l.17 \subsection
                {数学描述}
The control sequence at the end of the top line
of your error message was never \def'ed. If you have
misspelled it (e.g., `\hobx'), type `I' and the correct
spelling (e.g., `I\hbox'). Otherwise just continue,
and I'll forget about whatever was undefined.


! LaTeX Error: Missing \begin{document}.

See the LaTeX manual or LaTeX Companion for explanation.
Type  H <return>  for immediate help.
 ...                                              
                                                  
l.17 \subsection{数
                  学描述}
You're in trouble here.  Try typing  <return>  to proceed.
If that doesn't work, type  X <return>  to quit.

Missing character: There is no 数 in font nullfont!
Missing character: There is no 学 in font nullfont!
Missing character: There is no 描 in font nullfont!
Missing character: There is no 述 in font nullfont!
Missing character: There is no M in font nullfont!
Missing character: There is no I in font nullfont!
Missing character: There is no M in font nullfont!
Missing character: There is no O in font nullfont!
Missing character: There is no 系 in font nullfont!
Missing character: There is no 统 in font nullfont!
Missing character: There is no 中 in font nullfont!
Missing character: There is no 的 in font nullfont!
Missing character: There is no 输 in font nullfont!
Missing character: There is no 入 in font nullfont!
Missing character: There is no 输 in font nullfont!
Missing character: There is no 出 in font nullfont!
Missing character: There is no 关 in font nullfont!
Missing character: There is no 系 in font nullfont!
Missing character: There is no 可 in font nullfont!
Missing character: There is no 描 in font nullfont!
Missing character: There is no 述 in font nullfont!
Missing character: There is no 为 in font nullfont!

Overfull \hbox (20.0pt too wide) in paragraph at lines 17--19
[]
 []

LaTeX Font Info:    External font `cmex10' loaded for size
(Font)              <7> on input line 19.
LaTeX Font Info:    External font `cmex10' loaded for size
(Font)              <5> on input line 19.

Overfull \hbox (46.74298pt too wide) detected at line 21
\OML/cmm/m/it/10 r \OT1/cmr/m/n/10 = \OML/cmm/m/it/10 Hx \OT1/cmr/m/n/10 + \OML
/cmm/m/it/10 n
 []

Missing character: There is no 其 in font nullfont!
Missing character: There is no 中 in font nullfont!
Missing character: There is no 为 in font nullfont!
Missing character: There is no 多 in font nullfont!
Missing character: There is no 维 in font nullfont!
Missing character: There is no 输 in font nullfont!
Missing character: There is no 入 in font nullfont!
Missing character: There is no 信 in font nullfont!
Missing character: There is no 号 in font nullfont!
Missing character: There is no 矢 in font nullfont!
Missing character: There is no 量 in font nullfont!
Missing character: There is no 构 in font nullfont!
Missing character: There is no 成 in font nullfont!
Missing character: There is no 的 in font nullfont!
Missing character: There is no 矩 in font nullfont!
Missing character: There is no 阵 in font nullfont!
Missing character: There is no , in font nullfont!
Missing character: There is no 为 in font nullfont!
Missing character: There is no 接 in font nullfont!
Missing character: There is no 受 in font nullfont!
Missing character: There is no 信 in font nullfont!
Missing character: There is no 号 in font nullfont!
Missing character: There is no 构 in font nullfont!
Missing character: There is no 成 in font nullfont!
Missing character: There is no 的 in font nullfont!
Missing character: There is no 矩 in font nullfont!
Missing character: There is no 阵 in font nullfont!
Missing character: There is no , in font nullfont!
Missing character: There is no 为 in font nullfont!
Missing character: There is no 信 in font nullfont!
Missing character: There is no 道 in font nullfont!
Missing character: There is no 转 in font nullfont!
Missing character: There is no 移 in font nullfont!
Missing character: There is no 矩 in font nullfont!
Missing character: There is no 阵 in font nullfont!
Missing character: There is no , in font nullfont!
Missing character: There is no 为 in font nullfont!
Missing character: There is no 加 in font nullfont!
Missing character: There is no 性 in font nullfont!
Missing character: There is no 高 in font nullfont!
Missing character: There is no 斯 in font nullfont!
Missing character: There is no 白 in font nullfont!
Missing character: There is no 噪 in font nullfont!
Missing character: There is no 声 in font nullfont!
Missing character: There is no . in font nullfont!

Overfull \hbox (16.27078pt too wide) in paragraph at lines 21--23
$\OML/cmm/m/it/10 x \OT1/cmr/m/n/10 =
 []


Overfull \hbox (84.65791pt too wide) in paragraph at lines 21--23
\OT1/cmr/m/n/10 [\OML/cmm/m/it/10 x[]; x[]; [] ; x[]\OT1/cmr/m/n/10 ]$$\OML/cmm
/m/it/10 r \OT1/cmr/m/n/10 =
 []


Overfull \hbox (80.95775pt too wide) in paragraph at lines 21--23
\OT1/cmr/m/n/10 [\OML/cmm/m/it/10 r[]; r[]; [] ; r[]\OT1/cmr/m/n/10 ]$$\OML/cmm
/m/it/10 H$$n$ 
 []

)
! Emergency stop.
<*> sketch.tex
              
*** (job aborted, no legal \end found)

 
Here is how much of TeX's memory you used:
 15 strings out of 492970
 254 string characters out of 6137298
 63642 words of memory out of 5000000
 4119 multiletter control sequences out of 15000+600000
 3656 words of font info for 16 fonts, out of 8000000 for 9000
 1348 hyphenation exceptions out of 8191
 18i,2n,16p,210b,94s stack positions out of 5000i,500n,10000p,200000b,80000s
No pages of output.
